<?xml version="1.0" encoding="utf-8"?><testsuites name="pytest tests"><testsuite name="pytest" errors="0" failures="0" skipped="0" tests="8" time="9.860" timestamp="2026-09-13T14:36:27.522912+00:00" hostname="agent-env-f96995b8-0817-4db1-83c6-f62f04f790fb"><testcase classname="tests.test_ru_voice_features" name="test_scenarios_ru_localized" time="0.561" /><testcase classname="tests.test_ru_voice_features" name="test_single_scenario_ru" time="0.139" /><testcase classname="tests.test_ru_voice_features" name="test_scenarios_en_still_english" time="0.138" /><testcase classname="tests.test_ru_voice_features" name="test_ai_reply_russian" time="2.943" /><testcase classname="tests.test_ru_voice_features" name="test_tts_male_voice" time="1.405" /><testcase classname="tests.test_ru_voice_features" name="test_tts_female_voice" time="1.881" /><testcase classname="tests.test_ru_voice_features" name="test_tts_male_vs_female_differ" time="2.122" /><testcase classname="tests.test_ru_voice_features" name="test_recommended_ru" time="0.142" /></testsuite></testsuites>