<?xml version="1.0" encoding="utf-8"?><testsuites name="pytest tests"><testsuite name="pytest" errors="0" failures="0" skipped="0" tests="5" time="23.117" timestamp="2026-09-18T11:37:37.674286+00:00" hostname="agent-env-31c8d53e-9a6b-47d5-8cfa-f532570d8a9e"><testcase classname="tests.test_delete_and_challenge.TestDeleteNegotiation" name="test_delete_owner_ok_and_removed" time="1.147" /><testcase classname="tests.test_delete_and_challenge.TestChallengeChoices" name="test_challenge_choices_balanced_and_shuffled" time="22.650" /><testcase classname="tests.test_delete_and_challenge.TestDeleteNegotiation" name="test_delete_missing_returns_404" time="0.144" /><testcase classname="tests.test_delete_and_challenge.TestDeleteNegotiation" name="test_delete_requires_auth" time="0.143" /><testcase classname="tests.test_delete_and_challenge.TestHealth" name="test_health" time="0.117" /></testsuite></testsuites>