<?xml version="1.0" encoding="utf-8"?><testsuites name="pytest tests"><testsuite name="pytest" errors="0" failures="1" skipped="0" tests="7" time="4.716" timestamp="2026-09-17T20:34:48.049660+00:00" hostname="agent-env-31c8d53e-9a6b-47d5-8cfa-f532570d8a9e"><testcase classname="tests.test_custom_scenarios" name="test_create_custom_scenario" time="0.686" /><testcase classname="tests.test_custom_scenarios" name="test_list_scenarios_includes_custom_ru" time="0.301"><failure message="assert (None)">backend/tests/test_custom_scenarios.py:71: in test_list_scenarios_includes_custom_ru
    assert opp and opp.get("name") == PAYLOAD["opponent"]["name_ru"]
E   assert (None)</failure></testcase><testcase classname="tests.test_custom_scenarios" name="test_start_negotiation_with_custom" time="0.257" /><testcase classname="tests.test_custom_scenarios" name="test_send_message_gets_ru_reply" time="2.716" /><testcase classname="tests.test_custom_scenarios" name="test_delete_custom_scenario" time="0.417" /><testcase classname="tests.test_custom_scenarios" name="test_delete_nonexistent" time="0.118" /><testcase classname="tests.test_custom_scenarios" name="test_create_validation_missing_required" time="0.144" /></testsuite></testsuites>