<?xml version="1.0" encoding="utf-8"?><testsuites name="pytest tests"><testsuite name="pytest" errors="0" failures="1" skipped="0" tests="18" time="30.569" timestamp="2026-09-09T12:10:29.107648+00:00" hostname="agent-env-f96995b8-0817-4db1-83c6-f62f04f790fb"><testcase classname="tests.test_negotia_api" name="test_health" time="0.239" /><testcase classname="tests.test_negotia_api" name="test_login_demo" time="0.359" /><testcase classname="tests.test_negotia_api" name="test_register_new_user" time="0.375" /><testcase classname="tests.test_negotia_api" name="test_scenarios" time="0.502" /><testcase classname="tests.test_negotia_api" name="test_frameworks" time="0.628" /><testcase classname="tests.test_negotia_api" name="test_prep_analyze" time="8.857" /><testcase classname="tests.test_negotia_api" name="test_create_negotiation" time="0.171" /><testcase classname="tests.test_negotia_api" name="test_message_stream_sse" time="3.552" /><testcase classname="tests.test_negotia_api" name="test_legacy_message" time="2.415" /><testcase classname="tests.test_negotia_api" name="test_end_negotiation" time="6.721"><failure message="AssertionError: assert None&#10; +  where None = &lt;built-in method get of dict object at 0xfc86f636d3c0&gt;('outcome')&#10; +    where &lt;built-in method get of dict object at 0xfc86f636d3c0&gt; = {'negotiation': {'id': '32e780d0-9c0c-411e-aae0-a6354e33c0cb', 'scenario_slug': 'salary-negotiation', 'scenario_title': 'Salary Negotiation', 'mode': 'free', ...}}.get">backend/tests/test_negotia_api.py:196: in test_end_negotiation
    assert body.get("outcome")
E   AssertionError: assert None
E    +  where None = &lt;built-in method get of dict object at 0xfc86f636d3c0&gt;('outcome')
E    +    where &lt;built-in method get of dict object at 0xfc86f636d3c0&gt; = {'negotiation': {'id': '32e780d0-9c0c-411e-aae0-a6354e33c0cb', 'scenario_slug': 'salary-negotiation', 'scenario_title': 'Salary Negotiation', 'mode': 'free', ...}}.get</failure></testcase><testcase classname="tests.test_negotia_api" name="test_voice_transcribe_empty_file" time="0.157" /><testcase classname="tests.test_negotia_api" name="test_voice_transcribe_wav" time="1.276" /><testcase classname="tests.test_negotia_api" name="test_voice_tts_empty" time="0.161" /><testcase classname="tests.test_negotia_api" name="test_voice_tts_english" time="2.107" /><testcase classname="tests.test_negotia_api" name="test_voice_tts_russian" time="1.891" /><testcase classname="tests.test_negotia_api" name="test_user_stats" time="0.181" /><testcase classname="tests.test_negotia_api" name="test_framework_stats" time="0.141" /><testcase classname="tests.test_negotia_api" name="test_coach_hint" time="0.267" /></testsuite></testsuites>